<?xml version="1.0" encoding="UTF-8"?>
<!DOCTYPE suite SYSTEM "http://testng.org/testng-1.0.dtd">
<suite name="Default suite">
<parameter name="URL" value ="qaclickacademy.com"/> <!-- This is global declaration of parameter -->
  <test verbose="2" name="Default test">
    <classes>
      <class name="TestAutomation.Executor"/>
    </classes>
  </test> <!-- Default test -->
</suite> <!-- Default suite -->
