<?xml version="1.0" encoding="UTF-8"?>
<!-- Generated by org.testng.reporters.JUnitReportReporter -->
<testsuite hostname="HP" name="TestAutomation.executor2" tests="4" failures="0" timestamp="22 May 2020 12:55:37 GMT" time="38.851" errors="0">
  <testcase name="testAdvisorPage" time="6.690" classname="TestAutomation.executor2"/>
  <testcase name="testBillionairesPage" time="10.128" classname="TestAutomation.executor2"/>
  <testcase name="testHomePage" time="15.736" classname="TestAutomation.executor2"/>
  <testcase name="testSearchPage" time="6.297" classname="TestAutomation.executor2"/>
</testsuite> <!-- TestAutomation.executor2 -->
